<?xml version="1.0" encoding="UTF-8"?>
<!-- Generated by org.testng.reporters.JUnitXMLReporter -->
<testsuite ignored="0" hostname="DESKTOP-68OKD54" failures="0" tests="4" name="Allcustlo" time="79.716" errors="0" timestamp="2021-07-03T14:08:18 IST">
  <testcase classname="Testcases.AllCustomerLogin" name="open1" time="19.643"/>
  <testcase classname="Testcases.AllCustomerLogin" name="open1" time="19.088"/>
  <testcase classname="Testcases.AllCustomerLogin" name="open1" time="19.181"/>
  <testcase classname="Testcases.AllCustomerLogin" name="open1" time="19.172"/>
</testsuite> <!-- Allcustlo -->
