<?xml version="1.0" encoding="UTF-8"?>
<!-- Generated by org.testng.reporters.JUnitXMLReporter -->
<testsuite ignored="0" hostname="DESKTOP-68OKD54" failures="0" tests="5" name="manager Addcust" time="10.411" errors="0" timestamp="2021-07-03T14:06:40 IST">
  <testcase classname="Testcases.ManagerAddcustomer" name="AddCus" time="0.088"/>
  <testcase classname="Testcases.ManagerAddcustomer" name="excelR" time="1.73"/>
  <testcase classname="Testcases.ManagerAddcustomer" name="excelR" time="1.417"/>
  <testcase classname="Testcases.ManagerAddcustomer" name="excelR" time="1.445"/>
  <testcase classname="Testcases.ManagerAddcustomer" name="excelR" time="1.434"/>
</testsuite> <!-- manager Addcust -->
