<?xml version="1.0" encoding="UTF-8"?>
<!-- Generated by org.testng.reporters.JUnitXMLReporter -->
<testsuite ignored="0" hostname="DESKTOP-68OKD54" failures="0" tests="4" name="openacc" time="8.973" errors="0" timestamp="2021-07-03T14:06:57 IST">
  <testcase classname="Testcases.openAccount" name="open" time="1.673"/>
  <testcase classname="Testcases.openAccount" name="open" time="1.499"/>
  <testcase classname="Testcases.openAccount" name="open" time="1.519"/>
  <testcase classname="Testcases.openAccount" name="open" time="1.525"/>
</testsuite> <!-- openacc -->
